<?xml version="1.0" encoding="UTF-8"?><testsuite errors="1" failures="0" name="Registro de usuario en Utest" skipped="0" tests="1" time="2.34" timestamp="2021-10-31 10:08:16"><testcase name="Registro de manuel en la pagina de Utest"><error message="Could not instantiate class org.openqa.selenium.chrome.ChromeDriver" type="net.thucydides.core.webdriver.DriverConfigurationError">Could not instantiate class org.openqa.selenium.chrome.ChromeDriver</error><system-err>Could not instantiate class org.openqa.selenium.chrome.ChromeDriver&#13;
co.com.utest.tasks.Abrir.performAs(Abrir.java:26)&#13;
co.com.utest.stepdefinitions.UtestStepDefinitions.manuelDeseaRegistrarseEnUtest(UtestStepDefinitions.java:22)&#13;
cucumber.runner.Runner.runPickle(Runner.java:80)&#13;
</system-err></testcase></testsuite>